\BOOKMARK [0][-]{chapter*.3}{\376\377\000R\000e\000s\000u\000m\000e\000n}{}% 1
\BOOKMARK [0][-]{chapter*.4}{\376\377\000E\000x\000t\000e\000n\000d\000e\000d\000\040\000a\000b\000s\000t\000r\000a\000c\000t}{}% 2
\BOOKMARK [0][-]{chapter.1}{\376\377\000I\000n\000t\000r\000o\000d\000u\000c\000c\000i\000\363\000n}{}% 3
\BOOKMARK [1][-]{section.1.1}{\376\377\000H\000i\000s\000t\000o\000r\000i\000a\000\040\000d\000e\000\040\000l\000a\000\040\000V\000i\000s\000i\000\363\000n\000\040\000A\000r\000t\000i\000f\000i\000c\000i\000a\000l}{chapter.1}% 4
\BOOKMARK [2][-]{subsection.1.1.1}{\376\377\000R\000e\000c\000o\000n\000o\000c\000i\000m\000i\000e\000n\000t\000o\000\040\000F\000a\000c\000i\000a\000l}{section.1.1}% 5
\BOOKMARK [0][-]{chapter.2}{\376\377\000E\000s\000t\000a\000d\000o\000\040\000d\000e\000l\000\040\000a\000r\000t\000e}{}% 6
\BOOKMARK [1][-]{section.2.1}{\376\377\000A\000p\000l\000i\000c\000a\000c\000i\000o\000n\000e\000s\000\040\000s\000i\000n\000\040\000D\000e\000e\000p\000\040\000L\000e\000a\000r\000n\000i\000n\000g}{chapter.2}% 7
\BOOKMARK [2][-]{subsection.2.1.1}{\376\377\000H\000A\000A\000R\000-\000l\000i\000k\000e\000\040\000F\000e\000a\000t\000u\000r\000e\000s\000\040\000\046\000\040\000A\000D\000A\000B\000O\000O\000S\000T}{section.2.1}% 8
\BOOKMARK [2][-]{subsection.2.1.2}{\376\377\000H\000O\000G\000\040\000\046\000\040\000D\000L\000I\000B}{section.2.1}% 9
\BOOKMARK [2][-]{subsection.2.1.3}{\376\377\000F\000a\000c\000i\000a\000l\000\040\000L\000a\000n\000d\000m\000a\000s\000k\000i\000n\000g}{section.2.1}% 10
\BOOKMARK [1][-]{section.2.2}{\376\377\000A\000p\000l\000i\000c\000a\000c\000i\000o\000n\000e\000s\000\040\000c\000o\000n\000\040\000D\000e\000e\000p\000\040\000L\000e\000a\000r\000n\000i\000n\000g}{chapter.2}% 11
\BOOKMARK [2][-]{subsection.2.2.1}{\376\377\000Y\000O\000L\000O}{section.2.2}% 12
\BOOKMARK [2][-]{subsection.2.2.2}{\376\377\000T\000e\000n\000s\000o\000r\000f\000l\000o\000w}{section.2.2}% 13
\BOOKMARK [0][-]{chapter.3}{\376\377\000A\000n\000\341\000l\000i\000s\000i\000s\000\040\000d\000e\000\040\000o\000b\000j\000e\000t\000i\000v\000o\000s\000\040\000y\000\040\000m\000e\000t\000o\000d\000o\000l\000o\000g\000\355\000a}{}% 14
\BOOKMARK [0][-]{chapter.4}{\376\377\000D\000i\000s\000e\000\361\000o\000\040\000y\000\040\000r\000e\000s\000o\000l\000u\000c\000i\000\363\000n}{}% 15
\BOOKMARK [1][-]{section.4.1}{\376\377\000P\000a\000u\000l\000\040\000V\000i\000o\000l\000a\000\040\000a\000n\000d\000\040\000M\000i\000c\000h\000a\000e\000l\000\040\000J\000o\000n\000e\000s}{chapter.4}% 16
\BOOKMARK [1][-]{section.4.2}{\376\377\000H\000O\000G\000\040\000y\000\040\000D\000l\000i\000b}{chapter.4}% 17
\BOOKMARK [1][-]{section.4.3}{\376\377\000F\000a\000c\000i\000a\000l\000\040\000L\000a\000n\000d\000m\000a\000s\000k}{chapter.4}% 18
\BOOKMARK [1][-]{section.4.4}{\376\377\000F\000a\000c\000i\000a\000l\000\040\000L\000a\000n\000d\000m\000a\000s\000k\000\040\000C\000u\000s\000t\000o\000m}{chapter.4}% 19
\BOOKMARK [1][-]{section.4.5}{\376\377\000Y\000O\000L\000O}{chapter.4}% 20
\BOOKMARK [1][-]{section.4.6}{\376\377\000T\000e\000n\000s\000o\000r\000f\000l\000o\000w}{chapter.4}% 21
\BOOKMARK [0][-]{chapter.5}{\376\377\000C\000o\000n\000c\000l\000u\000s\000i\000o\000n\000e\000s\000\040\000y\000\040\000v\000\355\000a\000s\000\040\000f\000u\000t\000u\000r\000a\000s}{}% 22
\BOOKMARK [0][-]{appendix.Alph1}{\376\377\000A\000N\000E\000X\000O\000\040\000I\000\040\000-\000\040\000I\000m\000p\000l\000e\000m\000e\000n\000t\000a\000c\000i\000\363\000n\000\040\000V\000i\000o\000l\000a\000-\000J\000o\000n\000e\000s\000\040\000F\000a\000c\000e\000\040\000D\000e\000t\000e\000c\000t\000o\000r}{}% 23
\BOOKMARK [0][-]{appendix*.9}{\376\377\000B\000i\000b\000l\000i\000o\000g\000r\000a\000f\000\355\000a}{}% 24
